<?xml version="1.0" encoding="UTF-8"?>
<testng-results ignored="0" total="1" passed="1" failed="0" skipped="0">
  <reporter-output>
  </reporter-output>
  <suite started-at="2018-11-20T07:06:19Z" name="Suite" finished-at="2018-11-20T07:07:13Z" duration-ms="54108">
    <groups>
    </groups>
    <test started-at="2018-11-20T07:06:19Z" name="Test" finished-at="2018-11-20T07:07:13Z" duration-ms="54108">
      <class name="broker_createapplication_custom.broker_custom_application">
        <test-method signature="CreateAPP()[pri:0, instance:broker_createapplication_custom.broker_custom_application@6a2b953e]" started-at="2018-11-20T07:06:19Z" name="CreateAPP" finished-at="2018-11-20T07:07:13Z" duration-ms="54088" status="PASS">
          <reporter-output>
          </reporter-output>
        </test-method> <!-- CreateAPP -->
      </class> <!-- broker_createapplication_custom.broker_custom_application -->
    </test> <!-- Test -->
  </suite> <!-- Suite -->
</testng-results>
